Performing C SOURCE FILE Test CMAKE_HAVE_LIBC_PTHREAD failed with the following output:
Change Dir: /home/robocomp/X5-G1/Robotica/Practica3/CMakeFiles/CMakeTmp

Run Build Command(s):/usr/bin/make -f Makefile cmTC_d323b/fast && /usr/bin/make  -f CMakeFiles/cmTC_d323b.dir/build.make CMakeFiles/cmTC_d323b.dir/build
make[1]: se entra en el directorio '/home/alumno/X5-G1/Robotica/Practica3/CMakeFiles/CMakeTmp'
Building C object CMakeFiles/cmTC_d323b.dir/src.c.o
/usr/bin/cc -DCMAKE_HAVE_LIBC_PTHREAD   -o CMakeFiles/cmTC_d323b.dir/src.c.o -c /home/robocomp/X5-G1/Robotica/Practica3/CMakeFiles/CMakeTmp/src.c
Linking C executable cmTC_d323b
/snap/clion/169/bin/cmake/linux/bin/cmake -E cmake_link_script CMakeFiles/cmTC_d323b.dir/link.txt --verbose=1
/usr/bin/cc CMakeFiles/cmTC_d323b.dir/src.c.o -o cmTC_d323b 
/usr/bin/ld: CMakeFiles/cmTC_d323b.dir/src.c.o: en la función `main':
src.c:(.text+0x46): referencia a `pthread_create' sin definir
/usr/bin/ld: src.c:(.text+0x52): referencia a `pthread_detach' sin definir
/usr/bin/ld: src.c:(.text+0x5e): referencia a `pthread_cancel' sin definir
/usr/bin/ld: src.c:(.text+0x6f): referencia a `pthread_join' sin definir
collect2: error: ld returned 1 exit status
make[1]: *** [CMakeFiles/cmTC_d323b.dir/build.make:99: cmTC_d323b] Error 1
make[1]: se sale del directorio '/home/alumno/X5-G1/Robotica/Practica3/CMakeFiles/CMakeTmp'
make: *** [Makefile:127: cmTC_d323b/fast] Error 2


Source file was:
#include <pthread.h>

static void* test_func(void* data)
{
  return data;
}

int main(void)
{
  pthread_t thread;
  pthread_create(&thread, NULL, test_func, NULL);
  pthread_detach(thread);
  pthread_cancel(thread);
  pthread_join(thread, NULL);
  pthread_atfork(NULL, NULL, NULL);
  pthread_exit(NULL);

  return 0;
}

Determining if the function pthread_create exists in the pthreads failed with the following output:
Change Dir: /home/robocomp/X5-G1/Robotica/Practica3/CMakeFiles/CMakeTmp

Run Build Command(s):/usr/bin/make -f Makefile cmTC_96b86/fast && /usr/bin/make  -f CMakeFiles/cmTC_96b86.dir/build.make CMakeFiles/cmTC_96b86.dir/build
make[1]: se entra en el directorio '/home/alumno/X5-G1/Robotica/Practica3/CMakeFiles/CMakeTmp'
Building C object CMakeFiles/cmTC_96b86.dir/CheckFunctionExists.c.o
/usr/bin/cc   -DCHECK_FUNCTION_EXISTS=pthread_create -o CMakeFiles/cmTC_96b86.dir/CheckFunctionExists.c.o -c /snap/clion/169/bin/cmake/linux/share/cmake-3.20/Modules/CheckFunctionExists.c
Linking C executable cmTC_96b86
/snap/clion/169/bin/cmake/linux/bin/cmake -E cmake_link_script CMakeFiles/cmTC_96b86.dir/link.txt --verbose=1
/usr/bin/cc  -DCHECK_FUNCTION_EXISTS=pthread_create CMakeFiles/cmTC_96b86.dir/CheckFunctionExists.c.o -o cmTC_96b86  -lpthreads 
/usr/bin/ld: no se puede encontrar -lpthreads
collect2: error: ld returned 1 exit status
make[1]: *** [CMakeFiles/cmTC_96b86.dir/build.make:99: cmTC_96b86] Error 1
make[1]: se sale del directorio '/home/alumno/X5-G1/Robotica/Practica3/CMakeFiles/CMakeTmp'
make: *** [Makefile:127: cmTC_96b86/fast] Error 2



Performing C SOURCE FILE Test CMAKE_HAVE_LIBC_PTHREAD failed with the following output:
Change Dir: /home/alvaro/Documents/Robotica/Robotica/Practica3/CMakeFiles/CMakeTmp

Run Build Command(s):/usr/bin/make cmTC_a04e6/fast && /usr/bin/make -f CMakeFiles/cmTC_a04e6.dir/build.make CMakeFiles/cmTC_a04e6.dir/build
make[1]: Entering directory '/home/alvaro/Documents/Robotica/Robotica/Practica3/CMakeFiles/CMakeTmp'
Building C object CMakeFiles/cmTC_a04e6.dir/src.c.o
/usr/bin/cc   -DCMAKE_HAVE_LIBC_PTHREAD   -o CMakeFiles/cmTC_a04e6.dir/src.c.o   -c /home/alvaro/Documents/Robotica/Robotica/Practica3/CMakeFiles/CMakeTmp/src.c
Linking C executable cmTC_a04e6
/usr/bin/cmake -E cmake_link_script CMakeFiles/cmTC_a04e6.dir/link.txt --verbose=1
/usr/bin/cc  -DCMAKE_HAVE_LIBC_PTHREAD    CMakeFiles/cmTC_a04e6.dir/src.c.o  -o cmTC_a04e6 
/usr/bin/ld: CMakeFiles/cmTC_a04e6.dir/src.c.o: in function `main':
src.c:(.text+0x46): undefined reference to `pthread_create'
/usr/bin/ld: src.c:(.text+0x52): undefined reference to `pthread_detach'
/usr/bin/ld: src.c:(.text+0x63): undefined reference to `pthread_join'
collect2: error: ld returned 1 exit status
make[1]: *** [CMakeFiles/cmTC_a04e6.dir/build.make:87: cmTC_a04e6] Error 1
make[1]: Leaving directory '/home/alvaro/Documents/Robotica/Robotica/Practica3/CMakeFiles/CMakeTmp'
make: *** [Makefile:121: cmTC_a04e6/fast] Error 2


Source file was:
#include <pthread.h>

void* test_func(void* data)
{
  return data;
}

int main(void)
{
  pthread_t thread;
  pthread_create(&thread, NULL, test_func, NULL);
  pthread_detach(thread);
  pthread_join(thread, NULL);
  pthread_atfork(NULL, NULL, NULL);
  pthread_exit(NULL);

  return 0;
}

Determining if the function pthread_create exists in the pthreads failed with the following output:
Change Dir: /home/alvaro/Documents/Robotica/Robotica/Practica3/CMakeFiles/CMakeTmp

Run Build Command(s):/usr/bin/make cmTC_0d105/fast && /usr/bin/make -f CMakeFiles/cmTC_0d105.dir/build.make CMakeFiles/cmTC_0d105.dir/build
make[1]: Entering directory '/home/alvaro/Documents/Robotica/Robotica/Practica3/CMakeFiles/CMakeTmp'
Building C object CMakeFiles/cmTC_0d105.dir/CheckFunctionExists.c.o
/usr/bin/cc   -DCHECK_FUNCTION_EXISTS=pthread_create   -o CMakeFiles/cmTC_0d105.dir/CheckFunctionExists.c.o   -c /usr/share/cmake-3.16/Modules/CheckFunctionExists.c
Linking C executable cmTC_0d105
/usr/bin/cmake -E cmake_link_script CMakeFiles/cmTC_0d105.dir/link.txt --verbose=1
/usr/bin/cc  -DCHECK_FUNCTION_EXISTS=pthread_create    CMakeFiles/cmTC_0d105.dir/CheckFunctionExists.c.o  -o cmTC_0d105  -lpthreads 
/usr/bin/ld: cannot find -lpthreads
collect2: error: ld returned 1 exit status
make[1]: *** [CMakeFiles/cmTC_0d105.dir/build.make:87: cmTC_0d105] Error 1
make[1]: Leaving directory '/home/alvaro/Documents/Robotica/Robotica/Practica3/CMakeFiles/CMakeTmp'
make: *** [Makefile:121: cmTC_0d105/fast] Error 2



