Performing C SOURCE FILE Test CMAKE_HAVE_LIBC_PTHREAD failed with the following output:
Change Dir: /home/alumno/Documentos/G5-X1/Robotica/Practica5/CMakeFiles/CMakeTmp

Run Build Command(s):/usr/bin/make -f Makefile cmTC_c3562/fast && make[1]: se entra en el directorio '/home/alumno/Documentos/G5-X1/Robotica/Practica5/CMakeFiles/CMakeTmp'
/usr/bin/make  -f CMakeFiles/cmTC_c3562.dir/build.make CMakeFiles/cmTC_c3562.dir/build
make[2]: se entra en el directorio '/home/alumno/Documentos/G5-X1/Robotica/Practica5/CMakeFiles/CMakeTmp'
Building C object CMakeFiles/cmTC_c3562.dir/src.c.o
/usr/bin/cc -DCMAKE_HAVE_LIBC_PTHREAD   -o CMakeFiles/cmTC_c3562.dir/src.c.o -c /home/alumno/Documentos/G5-X1/Robotica/Practica5/CMakeFiles/CMakeTmp/src.c
Linking C executable cmTC_c3562
/snap/clion/175/bin/cmake/linux/bin/cmake -E cmake_link_script CMakeFiles/cmTC_c3562.dir/link.txt --verbose=1
/usr/bin/cc CMakeFiles/cmTC_c3562.dir/src.c.o -o cmTC_c3562 
/usr/bin/ld: CMakeFiles/cmTC_c3562.dir/src.c.o: en la función `main':
src.c:(.text+0x46): referencia a `pthread_create' sin definir
/usr/bin/ld: src.c:(.text+0x52): referencia a `pthread_detach' sin definir
/usr/bin/ld: src.c:(.text+0x5e): referencia a `pthread_cancel' sin definir
/usr/bin/ld: src.c:(.text+0x6f): referencia a `pthread_join' sin definir
collect2: error: ld returned 1 exit status
make[2]: *** [CMakeFiles/cmTC_c3562.dir/build.make:99: cmTC_c3562] Error 1
make[2]: se sale del directorio '/home/alumno/Documentos/G5-X1/Robotica/Practica5/CMakeFiles/CMakeTmp'
make[1]: *** [Makefile:127: cmTC_c3562/fast] Error 2
make[1]: se sale del directorio '/home/alumno/Documentos/G5-X1/Robotica/Practica5/CMakeFiles/CMakeTmp'


Source file was:
#include <pthread.h>

static void* test_func(void* data)
{
  return data;
}

int main(void)
{
  pthread_t thread;
  pthread_create(&thread, NULL, test_func, NULL);
  pthread_detach(thread);
  pthread_cancel(thread);
  pthread_join(thread, NULL);
  pthread_atfork(NULL, NULL, NULL);
  pthread_exit(NULL);

  return 0;
}

Determining if the function pthread_create exists in the pthreads failed with the following output:
Change Dir: /home/alumno/Documentos/G5-X1/Robotica/Practica5/CMakeFiles/CMakeTmp

Run Build Command(s):/usr/bin/make -f Makefile cmTC_2f97e/fast && make[1]: se entra en el directorio '/home/alumno/Documentos/G5-X1/Robotica/Practica5/CMakeFiles/CMakeTmp'
/usr/bin/make  -f CMakeFiles/cmTC_2f97e.dir/build.make CMakeFiles/cmTC_2f97e.dir/build
make[2]: se entra en el directorio '/home/alumno/Documentos/G5-X1/Robotica/Practica5/CMakeFiles/CMakeTmp'
Building C object CMakeFiles/cmTC_2f97e.dir/CheckFunctionExists.c.o
/usr/bin/cc   -DCHECK_FUNCTION_EXISTS=pthread_create -o CMakeFiles/cmTC_2f97e.dir/CheckFunctionExists.c.o -c /snap/clion/175/bin/cmake/linux/share/cmake-3.21/Modules/CheckFunctionExists.c
Linking C executable cmTC_2f97e
/snap/clion/175/bin/cmake/linux/bin/cmake -E cmake_link_script CMakeFiles/cmTC_2f97e.dir/link.txt --verbose=1
/usr/bin/cc  -DCHECK_FUNCTION_EXISTS=pthread_create CMakeFiles/cmTC_2f97e.dir/CheckFunctionExists.c.o -o cmTC_2f97e  -lpthreads 
/usr/bin/ld: no se puede encontrar -lpthreads
collect2: error: ld returned 1 exit status
make[2]: *** [CMakeFiles/cmTC_2f97e.dir/build.make:99: cmTC_2f97e] Error 1
make[2]: se sale del directorio '/home/alumno/Documentos/G5-X1/Robotica/Practica5/CMakeFiles/CMakeTmp'
make[1]: *** [Makefile:127: cmTC_2f97e/fast] Error 2
make[1]: se sale del directorio '/home/alumno/Documentos/G5-X1/Robotica/Practica5/CMakeFiles/CMakeTmp'



